13:28:20.854 INFO  --- [main] c.l.example.LStudyRestApplication : Starting LStudyRestApplication on DESKTOP-ITMF79V with PID 11900 (C:\Users\l1-morning\Documents\workspace\rest-login\bin\main started by l1-morning in C:\Users\l1-morning\Documents\workspace\rest-login) 
13:28:20.858 DEBUG --- [main] c.l.example.LStudyRestApplication : Running with Spring Boot v2.3.2.RELEASE, Spring v5.2.8.RELEASE 
13:28:20.858 INFO  --- [main] c.l.example.LStudyRestApplication : The following profiles are active: local 
13:28:22.085 DEBUG --- [main] c.l.example.config.AuthTokenFilter : Filter 'authenticationJwtTokenFilter' configured for use 
13:28:22.524 INFO  --- [main] c.l.example.LStudyRestApplication : Started LStudyRestApplication in 1.993 seconds (JVM running for 2.618) 
14:00:10.329 INFO  --- [http-nio-9000-exec-2] c.l.e.controller.AuthController : testLoginRequest [username=user2, password=1234] 
14:00:10.531 DEBUG --- [http-nio-9000-exec-2] c.l.e.mapper.UserMapper.readUser : ==>  Preparing: SELECT u_id as username, u_password as password, u_name as name, u_phone as phone, u_isAccountNonExpired as isAccountNonExpired, u_isAccountNonLocked as isAccountNonLocked, u_isCredentialNonExpired as isCredentialsNonExpired, u_isEnabled as isEnabled FROM userlist WHERE 1=1 AND u_id = ? 
14:00:10.549 DEBUG --- [http-nio-9000-exec-2] c.l.e.mapper.UserMapper.readUser : ==> Parameters: user2(String) 
14:00:10.564 TRACE --- [http-nio-9000-exec-2] c.l.e.mapper.UserMapper.readUser : <==    Columns: username, password, name, phone, isAccountNonExpired, isAccountNonLocked, isCredentialsNonExpired, isEnabled 
14:00:10.564 TRACE --- [http-nio-9000-exec-2] c.l.e.mapper.UserMapper.readUser : <==        Row: user2, $2a$10$vOSxz9VARQVZuPESQjktLuE9vBfTOSINRLr3mjyS0tcRDICqsvXIS, 홍길동, 1234, 1, 1, 1, 1 
14:00:10.566 DEBUG --- [http-nio-9000-exec-2] c.l.e.mapper.UserMapper.readUser : <==      Total: 1 
14:00:10.569 DEBUG --- [http-nio-9000-exec-2] c.l.e.m.UserMapper.readAuthorities : ==>  Preparing: SELECT u_auth FROM userauth WHERE 1=1 AND u_id = ? 
14:00:10.569 DEBUG --- [http-nio-9000-exec-2] c.l.e.m.UserMapper.readAuthorities : ==> Parameters: user2(String) 
14:00:10.570 TRACE --- [http-nio-9000-exec-2] c.l.e.m.UserMapper.readAuthorities : <==    Columns: u_auth 
14:00:10.570 TRACE --- [http-nio-9000-exec-2] c.l.e.m.UserMapper.readAuthorities : <==        Row: ROLE_ADMIN 
14:00:10.570 DEBUG --- [http-nio-9000-exec-2] c.l.e.m.UserMapper.readAuthorities : <==      Total: 1 
14:00:10.700 INFO  --- [http-nio-9000-exec-2] c.l.e.controller.AuthController : ddddUser [username=user2, password=$2a$10$vOSxz9VARQVZuPESQjktLuE9vBfTOSINRLr3mjyS0tcRDICqsvXIS, name=홍길동, phone=1234, uDateTime=null, authorities=[ROLE_ADMIN], isAccountNonExpired=true, isAccountNonLocked=true, isCredentialsNonExpired=true, isEnabled=true] 
14:00:12.021 DEBUG --- [http-nio-9000-exec-4] c.l.e.mapper.UserMapper.readUser : ==>  Preparing: SELECT u_id as username, u_password as password, u_name as name, u_phone as phone, u_isAccountNonExpired as isAccountNonExpired, u_isAccountNonLocked as isAccountNonLocked, u_isCredentialNonExpired as isCredentialsNonExpired, u_isEnabled as isEnabled FROM userlist WHERE 1=1 AND u_id = ? 
14:00:12.022 DEBUG --- [http-nio-9000-exec-4] c.l.e.mapper.UserMapper.readUser : ==> Parameters: user2(String) 
14:00:12.022 TRACE --- [http-nio-9000-exec-4] c.l.e.mapper.UserMapper.readUser : <==    Columns: username, password, name, phone, isAccountNonExpired, isAccountNonLocked, isCredentialsNonExpired, isEnabled 
14:00:12.023 TRACE --- [http-nio-9000-exec-4] c.l.e.mapper.UserMapper.readUser : <==        Row: user2, $2a$10$vOSxz9VARQVZuPESQjktLuE9vBfTOSINRLr3mjyS0tcRDICqsvXIS, 홍길동, 1234, 1, 1, 1, 1 
14:00:12.023 DEBUG --- [http-nio-9000-exec-4] c.l.e.mapper.UserMapper.readUser : <==      Total: 1 
14:00:12.023 DEBUG --- [http-nio-9000-exec-4] c.l.e.m.UserMapper.readAuthorities : ==>  Preparing: SELECT u_auth FROM userauth WHERE 1=1 AND u_id = ? 
14:00:12.023 DEBUG --- [http-nio-9000-exec-4] c.l.e.m.UserMapper.readAuthorities : ==> Parameters: user2(String) 
14:00:12.024 TRACE --- [http-nio-9000-exec-4] c.l.e.m.UserMapper.readAuthorities : <==    Columns: u_auth 
14:00:12.024 TRACE --- [http-nio-9000-exec-4] c.l.e.m.UserMapper.readAuthorities : <==        Row: ROLE_ADMIN 
14:00:12.024 DEBUG --- [http-nio-9000-exec-4] c.l.e.m.UserMapper.readAuthorities : <==      Total: 1 
14:00:13.358 DEBUG --- [http-nio-9000-exec-6] c.l.e.mapper.UserMapper.readUser : ==>  Preparing: SELECT u_id as username, u_password as password, u_name as name, u_phone as phone, u_isAccountNonExpired as isAccountNonExpired, u_isAccountNonLocked as isAccountNonLocked, u_isCredentialNonExpired as isCredentialsNonExpired, u_isEnabled as isEnabled FROM userlist WHERE 1=1 AND u_id = ? 
14:00:13.359 DEBUG --- [http-nio-9000-exec-6] c.l.e.mapper.UserMapper.readUser : ==> Parameters: user2(String) 
14:00:13.359 TRACE --- [http-nio-9000-exec-6] c.l.e.mapper.UserMapper.readUser : <==    Columns: username, password, name, phone, isAccountNonExpired, isAccountNonLocked, isCredentialsNonExpired, isEnabled 
14:00:13.359 TRACE --- [http-nio-9000-exec-6] c.l.e.mapper.UserMapper.readUser : <==        Row: user2, $2a$10$vOSxz9VARQVZuPESQjktLuE9vBfTOSINRLr3mjyS0tcRDICqsvXIS, 홍길동, 1234, 1, 1, 1, 1 
14:00:13.360 DEBUG --- [http-nio-9000-exec-6] c.l.e.mapper.UserMapper.readUser : <==      Total: 1 
14:00:13.360 DEBUG --- [http-nio-9000-exec-6] c.l.e.m.UserMapper.readAuthorities : ==>  Preparing: SELECT u_auth FROM userauth WHERE 1=1 AND u_id = ? 
14:00:13.360 DEBUG --- [http-nio-9000-exec-6] c.l.e.m.UserMapper.readAuthorities : ==> Parameters: user2(String) 
14:00:13.360 TRACE --- [http-nio-9000-exec-6] c.l.e.m.UserMapper.readAuthorities : <==    Columns: u_auth 
14:00:13.361 TRACE --- [http-nio-9000-exec-6] c.l.e.m.UserMapper.readAuthorities : <==        Row: ROLE_ADMIN 
14:00:13.361 DEBUG --- [http-nio-9000-exec-6] c.l.e.m.UserMapper.readAuthorities : <==      Total: 1 
14:00:13.364 DEBUG --- [http-nio-9000-exec-6] c.l.e.m.UserMapper.read_user_list : ==>  Preparing: SELECT ta.u_id username, ta.u_name name, ta.u_phone phone, tb.u_auth auth FROM userlist ta LEFT join ( SELECT ta.u_id, GROUP_CONCAT(ta.u_auth SEPARATOR ",") u_auth FROM userauth ta GROUP BY ta.u_id ) tb ON ta.u_id = tb.u_id 
14:00:13.364 DEBUG --- [http-nio-9000-exec-6] c.l.e.m.UserMapper.read_user_list : ==> Parameters:  
14:00:13.375 TRACE --- [http-nio-9000-exec-6] c.l.e.m.UserMapper.read_user_list : <==    Columns: username, name, phone, auth 
14:00:13.375 TRACE --- [http-nio-9000-exec-6] c.l.e.m.UserMapper.read_user_list : <==        Row: user2, 홍길동, 1234, <<BLOB>> 
14:00:13.376 TRACE --- [http-nio-9000-exec-6] c.l.e.m.UserMapper.read_user_list : <==        Row: dfdf, 홍길동, 010-3242-5463, <<BLOB>> 
14:00:13.376 TRACE --- [http-nio-9000-exec-6] c.l.e.m.UserMapper.read_user_list : <==        Row: abcd, abcd, null, <<BLOB>> 
14:00:13.376 TRACE --- [http-nio-9000-exec-6] c.l.e.m.UserMapper.read_user_list : <==        Row: user, user, null, <<BLOB>> 
14:00:13.377 TRACE --- [http-nio-9000-exec-6] c.l.e.m.UserMapper.read_user_list : <==        Row: abcd, 홍길동, 010-1111-2222, <<BLOB>> 
14:00:13.377 TRACE --- [http-nio-9000-exec-6] c.l.e.m.UserMapper.read_user_list : <==        Row: lcomputer, lcomputer, 01012345678, <<BLOB>> 
14:00:13.377 TRACE --- [http-nio-9000-exec-6] c.l.e.m.UserMapper.read_user_list : <==        Row: lcomputer, lcomputer, 01012345678, <<BLOB>> 
14:00:13.377 TRACE --- [http-nio-9000-exec-6] c.l.e.m.UserMapper.read_user_list : <==        Row: lcomputer, lcomputer, 01012345678, <<BLOB>> 
14:00:13.377 TRACE --- [http-nio-9000-exec-6] c.l.e.m.UserMapper.read_user_list : <==        Row: lcomputer, lcomputer, 01012345678, <<BLOB>> 
14:00:13.377 TRACE --- [http-nio-9000-exec-6] c.l.e.m.UserMapper.read_user_list : <==        Row: lcomputer, lcomputer, 01012345678, <<BLOB>> 
14:00:13.377 TRACE --- [http-nio-9000-exec-6] c.l.e.m.UserMapper.read_user_list : <==        Row: user3, aaa, 1234, <<BLOB>> 
14:00:13.377 DEBUG --- [http-nio-9000-exec-6] c.l.e.m.UserMapper.read_user_list : <==      Total: 11 
14:00:13.378 INFO  --- [http-nio-9000-exec-6] c.l.e.controller.AdminController : [UserInfo [username=user2, password=null, name=홍길동, phone=1234, authorities=[ROLE_ADMIN], auth=null], UserInfo [username=dfdf, password=null, name=홍길동, phone=010-3242-5463, authorities=null, auth=null], UserInfo [username=abcd, password=null, name=abcd, phone=null, authorities=null, auth=null], UserInfo [username=user, password=null, name=user, phone=null, authorities=null, auth=null], UserInfo [username=abcd, password=null, name=홍길동, phone=010-1111-2222, authorities=null, auth=null], UserInfo [username=lcomputer, password=null, name=lcomputer, phone=01012345678, authorities=null, auth=null], UserInfo [username=lcomputer, password=null, name=lcomputer, phone=01012345678, authorities=null, auth=null], UserInfo [username=lcomputer, password=null, name=lcomputer, phone=01012345678, authorities=null, auth=null], UserInfo [username=lcomputer, password=null, name=lcomputer, phone=01012345678, authorities=null, auth=null], UserInfo [username=lcomputer, password=null, name=lcomputer, phone=01012345678, authorities=null, auth=null], UserInfo [username=user3, password=null, name=aaa, phone=1234, authorities=null, auth=null]] 
14:00:14.884 DEBUG --- [http-nio-9000-exec-7] c.l.e.mapper.UserMapper.readUser : ==>  Preparing: SELECT u_id as username, u_password as password, u_name as name, u_phone as phone, u_isAccountNonExpired as isAccountNonExpired, u_isAccountNonLocked as isAccountNonLocked, u_isCredentialNonExpired as isCredentialsNonExpired, u_isEnabled as isEnabled FROM userlist WHERE 1=1 AND u_id = ? 
14:00:14.884 DEBUG --- [http-nio-9000-exec-7] c.l.e.mapper.UserMapper.readUser : ==> Parameters: user2(String) 
14:00:14.885 TRACE --- [http-nio-9000-exec-7] c.l.e.mapper.UserMapper.readUser : <==    Columns: username, password, name, phone, isAccountNonExpired, isAccountNonLocked, isCredentialsNonExpired, isEnabled 
14:00:14.885 TRACE --- [http-nio-9000-exec-7] c.l.e.mapper.UserMapper.readUser : <==        Row: user2, $2a$10$vOSxz9VARQVZuPESQjktLuE9vBfTOSINRLr3mjyS0tcRDICqsvXIS, 홍길동, 1234, 1, 1, 1, 1 
14:00:14.885 DEBUG --- [http-nio-9000-exec-7] c.l.e.mapper.UserMapper.readUser : <==      Total: 1 
14:00:14.886 DEBUG --- [http-nio-9000-exec-7] c.l.e.m.UserMapper.readAuthorities : ==>  Preparing: SELECT u_auth FROM userauth WHERE 1=1 AND u_id = ? 
14:00:14.886 DEBUG --- [http-nio-9000-exec-7] c.l.e.m.UserMapper.readAuthorities : ==> Parameters: user2(String) 
14:00:14.886 TRACE --- [http-nio-9000-exec-7] c.l.e.m.UserMapper.readAuthorities : <==    Columns: u_auth 
14:00:14.886 TRACE --- [http-nio-9000-exec-7] c.l.e.m.UserMapper.readAuthorities : <==        Row: ROLE_ADMIN 
14:00:14.886 DEBUG --- [http-nio-9000-exec-7] c.l.e.m.UserMapper.readAuthorities : <==      Total: 1 
14:00:20.420 DEBUG --- [http-nio-9000-exec-9] c.l.e.mapper.UserMapper.readUser : ==>  Preparing: SELECT u_id as username, u_password as password, u_name as name, u_phone as phone, u_isAccountNonExpired as isAccountNonExpired, u_isAccountNonLocked as isAccountNonLocked, u_isCredentialNonExpired as isCredentialsNonExpired, u_isEnabled as isEnabled FROM userlist WHERE 1=1 AND u_id = ? 
14:00:20.420 DEBUG --- [http-nio-9000-exec-9] c.l.e.mapper.UserMapper.readUser : ==> Parameters: user2(String) 
14:00:20.421 TRACE --- [http-nio-9000-exec-9] c.l.e.mapper.UserMapper.readUser : <==    Columns: username, password, name, phone, isAccountNonExpired, isAccountNonLocked, isCredentialsNonExpired, isEnabled 
14:00:20.421 TRACE --- [http-nio-9000-exec-9] c.l.e.mapper.UserMapper.readUser : <==        Row: user2, $2a$10$vOSxz9VARQVZuPESQjktLuE9vBfTOSINRLr3mjyS0tcRDICqsvXIS, 홍길동, 1234, 1, 1, 1, 1 
14:00:20.421 DEBUG --- [http-nio-9000-exec-9] c.l.e.mapper.UserMapper.readUser : <==      Total: 1 
14:00:20.421 DEBUG --- [http-nio-9000-exec-9] c.l.e.m.UserMapper.readAuthorities : ==>  Preparing: SELECT u_auth FROM userauth WHERE 1=1 AND u_id = ? 
14:00:20.421 DEBUG --- [http-nio-9000-exec-9] c.l.e.m.UserMapper.readAuthorities : ==> Parameters: user2(String) 
14:00:20.422 TRACE --- [http-nio-9000-exec-9] c.l.e.m.UserMapper.readAuthorities : <==    Columns: u_auth 
14:00:20.422 TRACE --- [http-nio-9000-exec-9] c.l.e.m.UserMapper.readAuthorities : <==        Row: ROLE_ADMIN 
14:00:20.422 DEBUG --- [http-nio-9000-exec-9] c.l.e.m.UserMapper.readAuthorities : <==      Total: 1 
14:00:58.017 DEBUG --- [http-nio-9000-exec-10] c.l.e.mapper.UserMapper.readUser : ==>  Preparing: SELECT u_id as username, u_password as password, u_name as name, u_phone as phone, u_isAccountNonExpired as isAccountNonExpired, u_isAccountNonLocked as isAccountNonLocked, u_isCredentialNonExpired as isCredentialsNonExpired, u_isEnabled as isEnabled FROM userlist WHERE 1=1 AND u_id = ? 
14:00:58.018 DEBUG --- [http-nio-9000-exec-10] c.l.e.mapper.UserMapper.readUser : ==> Parameters: user2(String) 
14:00:58.018 TRACE --- [http-nio-9000-exec-10] c.l.e.mapper.UserMapper.readUser : <==    Columns: username, password, name, phone, isAccountNonExpired, isAccountNonLocked, isCredentialsNonExpired, isEnabled 
14:00:58.018 TRACE --- [http-nio-9000-exec-10] c.l.e.mapper.UserMapper.readUser : <==        Row: user2, $2a$10$vOSxz9VARQVZuPESQjktLuE9vBfTOSINRLr3mjyS0tcRDICqsvXIS, 홍길동, 1234, 1, 1, 1, 1 
14:00:58.019 DEBUG --- [http-nio-9000-exec-10] c.l.e.mapper.UserMapper.readUser : <==      Total: 1 
14:00:58.019 DEBUG --- [http-nio-9000-exec-10] c.l.e.m.UserMapper.readAuthorities : ==>  Preparing: SELECT u_auth FROM userauth WHERE 1=1 AND u_id = ? 
14:00:58.019 DEBUG --- [http-nio-9000-exec-10] c.l.e.m.UserMapper.readAuthorities : ==> Parameters: user2(String) 
14:00:58.020 TRACE --- [http-nio-9000-exec-10] c.l.e.m.UserMapper.readAuthorities : <==    Columns: u_auth 
14:00:58.020 TRACE --- [http-nio-9000-exec-10] c.l.e.m.UserMapper.readAuthorities : <==        Row: ROLE_ADMIN 
14:00:58.020 DEBUG --- [http-nio-9000-exec-10] c.l.e.m.UserMapper.readAuthorities : <==      Total: 1 
14:00:58.021 DEBUG --- [http-nio-9000-exec-10] c.l.e.m.UserMapper.read_user_list : ==>  Preparing: SELECT ta.u_id username, ta.u_name name, ta.u_phone phone, tb.u_auth auth FROM userlist ta LEFT join ( SELECT ta.u_id, GROUP_CONCAT(ta.u_auth SEPARATOR ",") u_auth FROM userauth ta GROUP BY ta.u_id ) tb ON ta.u_id = tb.u_id 
14:00:58.021 DEBUG --- [http-nio-9000-exec-10] c.l.e.m.UserMapper.read_user_list : ==> Parameters:  
14:00:58.033 TRACE --- [http-nio-9000-exec-10] c.l.e.m.UserMapper.read_user_list : <==    Columns: username, name, phone, auth 
14:00:58.033 TRACE --- [http-nio-9000-exec-10] c.l.e.m.UserMapper.read_user_list : <==        Row: user2, 홍길동, 1234, <<BLOB>> 
14:00:58.034 TRACE --- [http-nio-9000-exec-10] c.l.e.m.UserMapper.read_user_list : <==        Row: dfdf, 홍길동, 010-3242-5463, <<BLOB>> 
14:00:58.034 TRACE --- [http-nio-9000-exec-10] c.l.e.m.UserMapper.read_user_list : <==        Row: abcd, abcd, null, <<BLOB>> 
14:00:58.034 TRACE --- [http-nio-9000-exec-10] c.l.e.m.UserMapper.read_user_list : <==        Row: user, user, null, <<BLOB>> 
14:00:58.034 TRACE --- [http-nio-9000-exec-10] c.l.e.m.UserMapper.read_user_list : <==        Row: abcd, 홍길동, 010-1111-2222, <<BLOB>> 
14:00:58.035 TRACE --- [http-nio-9000-exec-10] c.l.e.m.UserMapper.read_user_list : <==        Row: lcomputer, lcomputer, 01012345678, <<BLOB>> 
14:00:58.035 TRACE --- [http-nio-9000-exec-10] c.l.e.m.UserMapper.read_user_list : <==        Row: lcomputer, lcomputer, 01012345678, <<BLOB>> 
14:00:58.035 TRACE --- [http-nio-9000-exec-10] c.l.e.m.UserMapper.read_user_list : <==        Row: lcomputer, lcomputer, 01012345678, <<BLOB>> 
14:00:58.035 TRACE --- [http-nio-9000-exec-10] c.l.e.m.UserMapper.read_user_list : <==        Row: lcomputer, lcomputer, 01012345678, <<BLOB>> 
14:00:58.035 TRACE --- [http-nio-9000-exec-10] c.l.e.m.UserMapper.read_user_list : <==        Row: lcomputer, lcomputer, 01012345678, <<BLOB>> 
14:00:58.035 TRACE --- [http-nio-9000-exec-10] c.l.e.m.UserMapper.read_user_list : <==        Row: user3, aaa, 1234, <<BLOB>> 
14:00:58.036 DEBUG --- [http-nio-9000-exec-10] c.l.e.m.UserMapper.read_user_list : <==      Total: 11 
14:00:58.036 INFO  --- [http-nio-9000-exec-10] c.l.e.controller.AdminController : [UserInfo [username=user2, password=null, name=홍길동, phone=1234, authorities=[ROLE_ADMIN], auth=null], UserInfo [username=dfdf, password=null, name=홍길동, phone=010-3242-5463, authorities=null, auth=null], UserInfo [username=abcd, password=null, name=abcd, phone=null, authorities=null, auth=null], UserInfo [username=user, password=null, name=user, phone=null, authorities=null, auth=null], UserInfo [username=abcd, password=null, name=홍길동, phone=010-1111-2222, authorities=null, auth=null], UserInfo [username=lcomputer, password=null, name=lcomputer, phone=01012345678, authorities=null, auth=null], UserInfo [username=lcomputer, password=null, name=lcomputer, phone=01012345678, authorities=null, auth=null], UserInfo [username=lcomputer, password=null, name=lcomputer, phone=01012345678, authorities=null, auth=null], UserInfo [username=lcomputer, password=null, name=lcomputer, phone=01012345678, authorities=null, auth=null], UserInfo [username=lcomputer, password=null, name=lcomputer, phone=01012345678, authorities=null, auth=null], UserInfo [username=user3, password=null, name=aaa, phone=1234, authorities=null, auth=null]] 
14:00:58.469 DEBUG --- [http-nio-9000-exec-1] c.l.e.mapper.UserMapper.readUser : ==>  Preparing: SELECT u_id as username, u_password as password, u_name as name, u_phone as phone, u_isAccountNonExpired as isAccountNonExpired, u_isAccountNonLocked as isAccountNonLocked, u_isCredentialNonExpired as isCredentialsNonExpired, u_isEnabled as isEnabled FROM userlist WHERE 1=1 AND u_id = ? 
14:00:58.470 DEBUG --- [http-nio-9000-exec-1] c.l.e.mapper.UserMapper.readUser : ==> Parameters: user2(String) 
14:00:58.470 TRACE --- [http-nio-9000-exec-1] c.l.e.mapper.UserMapper.readUser : <==    Columns: username, password, name, phone, isAccountNonExpired, isAccountNonLocked, isCredentialsNonExpired, isEnabled 
14:00:58.471 TRACE --- [http-nio-9000-exec-1] c.l.e.mapper.UserMapper.readUser : <==        Row: user2, $2a$10$vOSxz9VARQVZuPESQjktLuE9vBfTOSINRLr3mjyS0tcRDICqsvXIS, 홍길동, 1234, 1, 1, 1, 1 
14:00:58.471 DEBUG --- [http-nio-9000-exec-1] c.l.e.mapper.UserMapper.readUser : <==      Total: 1 
14:00:58.471 DEBUG --- [http-nio-9000-exec-1] c.l.e.m.UserMapper.readAuthorities : ==>  Preparing: SELECT u_auth FROM userauth WHERE 1=1 AND u_id = ? 
14:00:58.471 DEBUG --- [http-nio-9000-exec-1] c.l.e.m.UserMapper.readAuthorities : ==> Parameters: user2(String) 
14:00:58.472 TRACE --- [http-nio-9000-exec-1] c.l.e.m.UserMapper.readAuthorities : <==    Columns: u_auth 
14:00:58.472 TRACE --- [http-nio-9000-exec-1] c.l.e.m.UserMapper.readAuthorities : <==        Row: ROLE_ADMIN 
14:00:58.473 DEBUG --- [http-nio-9000-exec-1] c.l.e.m.UserMapper.readAuthorities : <==      Total: 1 
14:28:20.189 ERROR --- [http-nio-9000-exec-4] c.l.example.config.JwtUtils : JWT token is expired: JWT expired at 2021-06-23T14:14:34Z. Current time: 2021-06-23T14:28:20Z, a difference of 826189 milliseconds.  Allowed clock skew: 0 milliseconds. 
14:28:20.194 ERROR --- [http-nio-9000-exec-4] o.a.c.c.C.[.[.[.[dispatcherServlet] : Servlet.service() for servlet [dispatcherServlet] in context with path [] threw exception [Request processing failed; nested exception is io.jsonwebtoken.ExpiredJwtException: JWT expired at 2021-06-23T14:14:34Z. Current time: 2021-06-23T14:28:20Z, a difference of 826191 milliseconds.  Allowed clock skew: 0 milliseconds.] with root cause 
io.jsonwebtoken.ExpiredJwtException: JWT expired at 2021-06-23T14:14:34Z. Current time: 2021-06-23T14:28:20Z, a difference of 826191 milliseconds.  Allowed clock skew: 0 milliseconds.
	at io.jsonwebtoken.impl.DefaultJwtParser.parse(DefaultJwtParser.java:385)
	at io.jsonwebtoken.impl.DefaultJwtParser.parse(DefaultJwtParser.java:481)
	at io.jsonwebtoken.impl.DefaultJwtParser.parseClaimsJws(DefaultJwtParser.java:541)
	at com.lcomputerstudy.example.config.JwtUtils.getClaimsFormToken(JwtUtils.java:52)
	at com.lcomputerstudy.example.config.JwtUtils.getUserEmailFromToken(JwtUtils.java:56)
	at com.lcomputerstudy.example.controller.AuthController.unpackToken(AuthController.java:118)
	at java.base/jdk.internal.reflect.NativeMethodAccessorImpl.invoke0(Native Method)
	at java.base/jdk.internal.reflect.NativeMethodAccessorImpl.invoke(NativeMethodAccessorImpl.java:64)
	at java.base/jdk.internal.reflect.DelegatingMethodAccessorImpl.invoke(DelegatingMethodAccessorImpl.java:43)
	at java.base/java.lang.reflect.Method.invoke(Method.java:564)
	at org.springframework.web.method.support.InvocableHandlerMethod.doInvoke(InvocableHandlerMethod.java:190)
	at org.springframework.web.method.support.InvocableHandlerMethod.invokeForRequest(InvocableHandlerMethod.java:138)
	at org.springframework.web.servlet.mvc.method.annotation.ServletInvocableHandlerMethod.invokeAndHandle(ServletInvocableHandlerMethod.java:105)
	at org.springframework.web.servlet.mvc.method.annotation.RequestMappingHandlerAdapter.invokeHandlerMethod(RequestMappingHandlerAdapter.java:878)
	at org.springframework.web.servlet.mvc.method.annotation.RequestMappingHandlerAdapter.handleInternal(RequestMappingHandlerAdapter.java:792)
	at org.springframework.web.servlet.mvc.method.AbstractHandlerMethodAdapter.handle(AbstractHandlerMethodAdapter.java:87)
	at org.springframework.web.servlet.DispatcherServlet.doDispatch(DispatcherServlet.java:1040)
	at org.springframework.web.servlet.DispatcherServlet.doService(DispatcherServlet.java:943)
	at org.springframework.web.servlet.FrameworkServlet.processRequest(FrameworkServlet.java:1006)
	at org.springframework.web.servlet.FrameworkServlet.doGet(FrameworkServlet.java:898)
	at javax.servlet.http.HttpServlet.service(HttpServlet.java:626)
	at org.springframework.web.servlet.FrameworkServlet.service(FrameworkServlet.java:883)
	at javax.servlet.http.HttpServlet.service(HttpServlet.java:733)
	at org.apache.catalina.core.ApplicationFilterChain.internalDoFilter(ApplicationFilterChain.java:231)
	at org.apache.catalina.core.ApplicationFilterChain.doFilter(ApplicationFilterChain.java:166)
	at org.apache.tomcat.websocket.server.WsFilter.doFilter(WsFilter.java:53)
	at org.apache.catalina.core.ApplicationFilterChain.internalDoFilter(ApplicationFilterChain.java:193)
	at org.apache.catalina.core.ApplicationFilterChain.doFilter(ApplicationFilterChain.java:166)
	at org.springframework.web.filter.OncePerRequestFilter.doFilter(OncePerRequestFilter.java:113)
	at org.apache.catalina.core.ApplicationFilterChain.internalDoFilter(ApplicationFilterChain.java:193)
	at org.apache.catalina.core.ApplicationFilterChain.doFilter(ApplicationFilterChain.java:166)
	at org.springframework.security.web.FilterChainProxy$VirtualFilterChain.doFilter(FilterChainProxy.java:320)
	at org.springframework.security.web.access.intercept.FilterSecurityInterceptor.invoke(FilterSecurityInterceptor.java:126)
	at org.springframework.security.web.access.intercept.FilterSecurityInterceptor.doFilter(FilterSecurityInterceptor.java:90)
	at org.springframework.security.web.FilterChainProxy$VirtualFilterChain.doFilter(FilterChainProxy.java:334)
	at org.springframework.security.web.access.ExceptionTranslationFilter.doFilter(ExceptionTranslationFilter.java:118)
	at org.springframework.security.web.FilterChainProxy$VirtualFilterChain.doFilter(FilterChainProxy.java:334)
	at org.springframework.security.web.session.SessionManagementFilter.doFilter(SessionManagementFilter.java:137)
	at org.springframework.security.web.FilterChainProxy$VirtualFilterChain.doFilter(FilterChainProxy.java:334)
	at org.springframework.security.web.authentication.AnonymousAuthenticationFilter.doFilter(AnonymousAuthenticationFilter.java:111)
	at org.springframework.security.web.FilterChainProxy$VirtualFilterChain.doFilter(FilterChainProxy.java:334)
	at org.springframework.security.web.servletapi.SecurityContextHolderAwareRequestFilter.doFilter(SecurityContextHolderAwareRequestFilter.java:158)
	at org.springframework.security.web.FilterChainProxy$VirtualFilterChain.doFilter(FilterChainProxy.java:334)
	at org.springframework.security.web.savedrequest.RequestCacheAwareFilter.doFilter(RequestCacheAwareFilter.java:63)
	at org.springframework.security.web.FilterChainProxy$VirtualFilterChain.doFilter(FilterChainProxy.java:334)
	at com.lcomputerstudy.example.config.AuthTokenFilter.doFilterInternal(AuthTokenFilter.java:58)
	at org.springframework.web.filter.OncePerRequestFilter.doFilter(OncePerRequestFilter.java:119)
	at org.springframework.security.web.FilterChainProxy$VirtualFilterChain.doFilter(FilterChainProxy.java:334)
	at org.springframework.security.web.authentication.logout.LogoutFilter.doFilter(LogoutFilter.java:116)
	at org.springframework.security.web.FilterChainProxy$VirtualFilterChain.doFilter(FilterChainProxy.java:334)
	at org.springframework.web.filter.CorsFilter.doFilterInternal(CorsFilter.java:92)
	at org.springframework.web.filter.OncePerRequestFilter.doFilter(OncePerRequestFilter.java:119)
	at org.springframework.security.web.FilterChainProxy$VirtualFilterChain.doFilter(FilterChainProxy.java:334)
	at org.springframework.security.web.header.HeaderWriterFilter.doHeadersAfter(HeaderWriterFilter.java:92)
	at org.springframework.security.web.header.HeaderWriterFilter.doFilterInternal(HeaderWriterFilter.java:77)
	at org.springframework.web.filter.OncePerRequestFilter.doFilter(OncePerRequestFilter.java:119)
	at org.springframework.security.web.FilterChainProxy$VirtualFilterChain.doFilter(FilterChainProxy.java:334)
	at org.springframework.security.web.context.SecurityContextPersistenceFilter.doFilter(SecurityContextPersistenceFilter.java:105)
	at org.springframework.security.web.FilterChainProxy$VirtualFilterChain.doFilter(FilterChainProxy.java:334)
	at org.springframework.security.web.context.request.async.WebAsyncManagerIntegrationFilter.doFilterInternal(WebAsyncManagerIntegrationFilter.java:56)
	at org.springframework.web.filter.OncePerRequestFilter.doFilter(OncePerRequestFilter.java:119)
	at org.springframework.security.web.FilterChainProxy$VirtualFilterChain.doFilter(FilterChainProxy.java:334)
	at org.springframework.security.web.FilterChainProxy.doFilterInternal(FilterChainProxy.java:215)
	at org.springframework.security.web.FilterChainProxy.doFilter(FilterChainProxy.java:178)
	at org.springframework.web.filter.DelegatingFilterProxy.invokeDelegate(DelegatingFilterProxy.java:358)
	at org.springframework.web.filter.DelegatingFilterProxy.doFilter(DelegatingFilterProxy.java:271)
	at org.apache.catalina.core.ApplicationFilterChain.internalDoFilter(ApplicationFilterChain.java:193)
	at org.apache.catalina.core.ApplicationFilterChain.doFilter(ApplicationFilterChain.java:166)
	at org.springframework.web.filter.CharacterEncodingFilter.doFilterInternal(CharacterEncodingFilter.java:201)
	at org.springframework.web.filter.OncePerRequestFilter.doFilter(OncePerRequestFilter.java:119)
	at org.apache.catalina.core.ApplicationFilterChain.internalDoFilter(ApplicationFilterChain.java:193)
	at org.apache.catalina.core.ApplicationFilterChain.doFilter(ApplicationFilterChain.java:166)
	at org.apache.catalina.core.StandardWrapperValve.invoke(StandardWrapperValve.java:202)
	at org.apache.catalina.core.StandardContextValve.invoke(StandardContextValve.java:96)
	at org.apache.catalina.authenticator.AuthenticatorBase.invoke(AuthenticatorBase.java:541)
	at org.apache.catalina.core.StandardHostValve.invoke(StandardHostValve.java:139)
	at org.apache.catalina.valves.ErrorReportValve.invoke(ErrorReportValve.java:92)
	at org.apache.catalina.core.StandardEngineValve.invoke(StandardEngineValve.java:74)
	at org.apache.catalina.connector.CoyoteAdapter.service(CoyoteAdapter.java:343)
	at org.apache.coyote.http11.Http11Processor.service(Http11Processor.java:373)
	at org.apache.coyote.AbstractProcessorLight.process(AbstractProcessorLight.java:65)
	at org.apache.coyote.AbstractProtocol$ConnectionHandler.process(AbstractProtocol.java:868)
	at org.apache.tomcat.util.net.NioEndpoint$SocketProcessor.doRun(NioEndpoint.java:1589)
	at org.apache.tomcat.util.net.SocketProcessorBase.run(SocketProcessorBase.java:49)
	at java.base/java.util.concurrent.ThreadPoolExecutor.runWorker(ThreadPoolExecutor.java:1130)
	at java.base/java.util.concurrent.ThreadPoolExecutor$Worker.run(ThreadPoolExecutor.java:630)
	at org.apache.tomcat.util.threads.TaskThread$WrappingRunnable.run(TaskThread.java:61)
	at java.base/java.lang.Thread.run(Thread.java:832)
14:28:23.672 ERROR --- [http-nio-9000-exec-5] c.l.example.config.JwtUtils : JWT token is expired: JWT expired at 2021-06-23T14:14:34Z. Current time: 2021-06-23T14:28:23Z, a difference of 829672 milliseconds.  Allowed clock skew: 0 milliseconds. 
14:28:23.674 ERROR --- [http-nio-9000-exec-5] o.a.c.c.C.[.[.[.[dispatcherServlet] : Servlet.service() for servlet [dispatcherServlet] in context with path [] threw exception [Request processing failed; nested exception is io.jsonwebtoken.ExpiredJwtException: JWT expired at 2021-06-23T14:14:34Z. Current time: 2021-06-23T14:28:23Z, a difference of 829674 milliseconds.  Allowed clock skew: 0 milliseconds.] with root cause 
io.jsonwebtoken.ExpiredJwtException: JWT expired at 2021-06-23T14:14:34Z. Current time: 2021-06-23T14:28:23Z, a difference of 829674 milliseconds.  Allowed clock skew: 0 milliseconds.
	at io.jsonwebtoken.impl.DefaultJwtParser.parse(DefaultJwtParser.java:385)
	at io.jsonwebtoken.impl.DefaultJwtParser.parse(DefaultJwtParser.java:481)
	at io.jsonwebtoken.impl.DefaultJwtParser.parseClaimsJws(DefaultJwtParser.java:541)
	at com.lcomputerstudy.example.config.JwtUtils.getClaimsFormToken(JwtUtils.java:52)
	at com.lcomputerstudy.example.config.JwtUtils.getUserEmailFromToken(JwtUtils.java:56)
	at com.lcomputerstudy.example.controller.AuthController.unpackToken(AuthController.java:118)
	at java.base/jdk.internal.reflect.NativeMethodAccessorImpl.invoke0(Native Method)
	at java.base/jdk.internal.reflect.NativeMethodAccessorImpl.invoke(NativeMethodAccessorImpl.java:64)
	at java.base/jdk.internal.reflect.DelegatingMethodAccessorImpl.invoke(DelegatingMethodAccessorImpl.java:43)
	at java.base/java.lang.reflect.Method.invoke(Method.java:564)
	at org.springframework.web.method.support.InvocableHandlerMethod.doInvoke(InvocableHandlerMethod.java:190)
	at org.springframework.web.method.support.InvocableHandlerMethod.invokeForRequest(InvocableHandlerMethod.java:138)
	at org.springframework.web.servlet.mvc.method.annotation.ServletInvocableHandlerMethod.invokeAndHandle(ServletInvocableHandlerMethod.java:105)
	at org.springframework.web.servlet.mvc.method.annotation.RequestMappingHandlerAdapter.invokeHandlerMethod(RequestMappingHandlerAdapter.java:878)
	at org.springframework.web.servlet.mvc.method.annotation.RequestMappingHandlerAdapter.handleInternal(RequestMappingHandlerAdapter.java:792)
	at org.springframework.web.servlet.mvc.method.AbstractHandlerMethodAdapter.handle(AbstractHandlerMethodAdapter.java:87)
	at org.springframework.web.servlet.DispatcherServlet.doDispatch(DispatcherServlet.java:1040)
	at org.springframework.web.servlet.DispatcherServlet.doService(DispatcherServlet.java:943)
	at org.springframework.web.servlet.FrameworkServlet.processRequest(FrameworkServlet.java:1006)
	at org.springframework.web.servlet.FrameworkServlet.doGet(FrameworkServlet.java:898)
	at javax.servlet.http.HttpServlet.service(HttpServlet.java:626)
	at org.springframework.web.servlet.FrameworkServlet.service(FrameworkServlet.java:883)
	at javax.servlet.http.HttpServlet.service(HttpServlet.java:733)
	at org.apache.catalina.core.ApplicationFilterChain.internalDoFilter(ApplicationFilterChain.java:231)
	at org.apache.catalina.core.ApplicationFilterChain.doFilter(ApplicationFilterChain.java:166)
	at org.apache.tomcat.websocket.server.WsFilter.doFilter(WsFilter.java:53)
	at org.apache.catalina.core.ApplicationFilterChain.internalDoFilter(ApplicationFilterChain.java:193)
	at org.apache.catalina.core.ApplicationFilterChain.doFilter(ApplicationFilterChain.java:166)
	at org.springframework.web.filter.OncePerRequestFilter.doFilter(OncePerRequestFilter.java:113)
	at org.apache.catalina.core.ApplicationFilterChain.internalDoFilter(ApplicationFilterChain.java:193)
	at org.apache.catalina.core.ApplicationFilterChain.doFilter(ApplicationFilterChain.java:166)
	at org.springframework.security.web.FilterChainProxy$VirtualFilterChain.doFilter(FilterChainProxy.java:320)
	at org.springframework.security.web.access.intercept.FilterSecurityInterceptor.invoke(FilterSecurityInterceptor.java:126)
	at org.springframework.security.web.access.intercept.FilterSecurityInterceptor.doFilter(FilterSecurityInterceptor.java:90)
	at org.springframework.security.web.FilterChainProxy$VirtualFilterChain.doFilter(FilterChainProxy.java:334)
	at org.springframework.security.web.access.ExceptionTranslationFilter.doFilter(ExceptionTranslationFilter.java:118)
	at org.springframework.security.web.FilterChainProxy$VirtualFilterChain.doFilter(FilterChainProxy.java:334)
	at org.springframework.security.web.session.SessionManagementFilter.doFilter(SessionManagementFilter.java:137)
	at org.springframework.security.web.FilterChainProxy$VirtualFilterChain.doFilter(FilterChainProxy.java:334)
	at org.springframework.security.web.authentication.AnonymousAuthenticationFilter.doFilter(AnonymousAuthenticationFilter.java:111)
	at org.springframework.security.web.FilterChainProxy$VirtualFilterChain.doFilter(FilterChainProxy.java:334)
	at org.springframework.security.web.servletapi.SecurityContextHolderAwareRequestFilter.doFilter(SecurityContextHolderAwareRequestFilter.java:158)
	at org.springframework.security.web.FilterChainProxy$VirtualFilterChain.doFilter(FilterChainProxy.java:334)
	at org.springframework.security.web.savedrequest.RequestCacheAwareFilter.doFilter(RequestCacheAwareFilter.java:63)
	at org.springframework.security.web.FilterChainProxy$VirtualFilterChain.doFilter(FilterChainProxy.java:334)
	at com.lcomputerstudy.example.config.AuthTokenFilter.doFilterInternal(AuthTokenFilter.java:58)
	at org.springframework.web.filter.OncePerRequestFilter.doFilter(OncePerRequestFilter.java:119)
	at org.springframework.security.web.FilterChainProxy$VirtualFilterChain.doFilter(FilterChainProxy.java:334)
	at org.springframework.security.web.authentication.logout.LogoutFilter.doFilter(LogoutFilter.java:116)
	at org.springframework.security.web.FilterChainProxy$VirtualFilterChain.doFilter(FilterChainProxy.java:334)
	at org.springframework.web.filter.CorsFilter.doFilterInternal(CorsFilter.java:92)
	at org.springframework.web.filter.OncePerRequestFilter.doFilter(OncePerRequestFilter.java:119)
	at org.springframework.security.web.FilterChainProxy$VirtualFilterChain.doFilter(FilterChainProxy.java:334)
	at org.springframework.security.web.header.HeaderWriterFilter.doHeadersAfter(HeaderWriterFilter.java:92)
	at org.springframework.security.web.header.HeaderWriterFilter.doFilterInternal(HeaderWriterFilter.java:77)
	at org.springframework.web.filter.OncePerRequestFilter.doFilter(OncePerRequestFilter.java:119)
	at org.springframework.security.web.FilterChainProxy$VirtualFilterChain.doFilter(FilterChainProxy.java:334)
	at org.springframework.security.web.context.SecurityContextPersistenceFilter.doFilter(SecurityContextPersistenceFilter.java:105)
	at org.springframework.security.web.FilterChainProxy$VirtualFilterChain.doFilter(FilterChainProxy.java:334)
	at org.springframework.security.web.context.request.async.WebAsyncManagerIntegrationFilter.doFilterInternal(WebAsyncManagerIntegrationFilter.java:56)
	at org.springframework.web.filter.OncePerRequestFilter.doFilter(OncePerRequestFilter.java:119)
	at org.springframework.security.web.FilterChainProxy$VirtualFilterChain.doFilter(FilterChainProxy.java:334)
	at org.springframework.security.web.FilterChainProxy.doFilterInternal(FilterChainProxy.java:215)
	at org.springframework.security.web.FilterChainProxy.doFilter(FilterChainProxy.java:178)
	at org.springframework.web.filter.DelegatingFilterProxy.invokeDelegate(DelegatingFilterProxy.java:358)
	at org.springframework.web.filter.DelegatingFilterProxy.doFilter(DelegatingFilterProxy.java:271)
	at org.apache.catalina.core.ApplicationFilterChain.internalDoFilter(ApplicationFilterChain.java:193)
	at org.apache.catalina.core.ApplicationFilterChain.doFilter(ApplicationFilterChain.java:166)
	at org.springframework.web.filter.CharacterEncodingFilter.doFilterInternal(CharacterEncodingFilter.java:201)
	at org.springframework.web.filter.OncePerRequestFilter.doFilter(OncePerRequestFilter.java:119)
	at org.apache.catalina.core.ApplicationFilterChain.internalDoFilter(ApplicationFilterChain.java:193)
	at org.apache.catalina.core.ApplicationFilterChain.doFilter(ApplicationFilterChain.java:166)
	at org.apache.catalina.core.StandardWrapperValve.invoke(StandardWrapperValve.java:202)
	at org.apache.catalina.core.StandardContextValve.invoke(StandardContextValve.java:96)
	at org.apache.catalina.authenticator.AuthenticatorBase.invoke(AuthenticatorBase.java:541)
	at org.apache.catalina.core.StandardHostValve.invoke(StandardHostValve.java:139)
	at org.apache.catalina.valves.ErrorReportValve.invoke(ErrorReportValve.java:92)
	at org.apache.catalina.core.StandardEngineValve.invoke(StandardEngineValve.java:74)
	at org.apache.catalina.connector.CoyoteAdapter.service(CoyoteAdapter.java:343)
	at org.apache.coyote.http11.Http11Processor.service(Http11Processor.java:373)
	at org.apache.coyote.AbstractProcessorLight.process(AbstractProcessorLight.java:65)
	at org.apache.coyote.AbstractProtocol$ConnectionHandler.process(AbstractProtocol.java:868)
	at org.apache.tomcat.util.net.NioEndpoint$SocketProcessor.doRun(NioEndpoint.java:1589)
	at org.apache.tomcat.util.net.SocketProcessorBase.run(SocketProcessorBase.java:49)
	at java.base/java.util.concurrent.ThreadPoolExecutor.runWorker(ThreadPoolExecutor.java:1130)
	at java.base/java.util.concurrent.ThreadPoolExecutor$Worker.run(ThreadPoolExecutor.java:630)
	at org.apache.tomcat.util.threads.TaskThread$WrappingRunnable.run(TaskThread.java:61)
	at java.base/java.lang.Thread.run(Thread.java:832)
14:28:24.684 ERROR --- [http-nio-9000-exec-6] c.l.example.config.JwtUtils : JWT token is expired: JWT expired at 2021-06-23T14:14:34Z. Current time: 2021-06-23T14:28:24Z, a difference of 830684 milliseconds.  Allowed clock skew: 0 milliseconds. 
14:28:24.686 ERROR --- [http-nio-9000-exec-6] o.a.c.c.C.[.[.[.[dispatcherServlet] : Servlet.service() for servlet [dispatcherServlet] in context with path [] threw exception [Request processing failed; nested exception is io.jsonwebtoken.ExpiredJwtException: JWT expired at 2021-06-23T14:14:34Z. Current time: 2021-06-23T14:28:24Z, a difference of 830685 milliseconds.  Allowed clock skew: 0 milliseconds.] with root cause 
io.jsonwebtoken.ExpiredJwtException: JWT expired at 2021-06-23T14:14:34Z. Current time: 2021-06-23T14:28:24Z, a difference of 830685 milliseconds.  Allowed clock skew: 0 milliseconds.
	at io.jsonwebtoken.impl.DefaultJwtParser.parse(DefaultJwtParser.java:385)
	at io.jsonwebtoken.impl.DefaultJwtParser.parse(DefaultJwtParser.java:481)
	at io.jsonwebtoken.impl.DefaultJwtParser.parseClaimsJws(DefaultJwtParser.java:541)
	at com.lcomputerstudy.example.config.JwtUtils.getClaimsFormToken(JwtUtils.java:52)
	at com.lcomputerstudy.example.config.JwtUtils.getUserEmailFromToken(JwtUtils.java:56)
	at com.lcomputerstudy.example.controller.AuthController.unpackToken(AuthController.java:118)
	at java.base/jdk.internal.reflect.NativeMethodAccessorImpl.invoke0(Native Method)
	at java.base/jdk.internal.reflect.NativeMethodAccessorImpl.invoke(NativeMethodAccessorImpl.java:64)
	at java.base/jdk.internal.reflect.DelegatingMethodAccessorImpl.invoke(DelegatingMethodAccessorImpl.java:43)
	at java.base/java.lang.reflect.Method.invoke(Method.java:564)
	at org.springframework.web.method.support.InvocableHandlerMethod.doInvoke(InvocableHandlerMethod.java:190)
	at org.springframework.web.method.support.InvocableHandlerMethod.invokeForRequest(InvocableHandlerMethod.java:138)
	at org.springframework.web.servlet.mvc.method.annotation.ServletInvocableHandlerMethod.invokeAndHandle(ServletInvocableHandlerMethod.java:105)
	at org.springframework.web.servlet.mvc.method.annotation.RequestMappingHandlerAdapter.invokeHandlerMethod(RequestMappingHandlerAdapter.java:878)
	at org.springframework.web.servlet.mvc.method.annotation.RequestMappingHandlerAdapter.handleInternal(RequestMappingHandlerAdapter.java:792)
	at org.springframework.web.servlet.mvc.method.AbstractHandlerMethodAdapter.handle(AbstractHandlerMethodAdapter.java:87)
	at org.springframework.web.servlet.DispatcherServlet.doDispatch(DispatcherServlet.java:1040)
	at org.springframework.web.servlet.DispatcherServlet.doService(DispatcherServlet.java:943)
	at org.springframework.web.servlet.FrameworkServlet.processRequest(FrameworkServlet.java:1006)
	at org.springframework.web.servlet.FrameworkServlet.doGet(FrameworkServlet.java:898)
	at javax.servlet.http.HttpServlet.service(HttpServlet.java:626)
	at org.springframework.web.servlet.FrameworkServlet.service(FrameworkServlet.java:883)
	at javax.servlet.http.HttpServlet.service(HttpServlet.java:733)
	at org.apache.catalina.core.ApplicationFilterChain.internalDoFilter(ApplicationFilterChain.java:231)
	at org.apache.catalina.core.ApplicationFilterChain.doFilter(ApplicationFilterChain.java:166)
	at org.apache.tomcat.websocket.server.WsFilter.doFilter(WsFilter.java:53)
	at org.apache.catalina.core.ApplicationFilterChain.internalDoFilter(ApplicationFilterChain.java:193)
	at org.apache.catalina.core.ApplicationFilterChain.doFilter(ApplicationFilterChain.java:166)
	at org.springframework.web.filter.OncePerRequestFilter.doFilter(OncePerRequestFilter.java:113)
	at org.apache.catalina.core.ApplicationFilterChain.internalDoFilter(ApplicationFilterChain.java:193)
	at org.apache.catalina.core.ApplicationFilterChain.doFilter(ApplicationFilterChain.java:166)
	at org.springframework.security.web.FilterChainProxy$VirtualFilterChain.doFilter(FilterChainProxy.java:320)
	at org.springframework.security.web.access.intercept.FilterSecurityInterceptor.invoke(FilterSecurityInterceptor.java:126)
	at org.springframework.security.web.access.intercept.FilterSecurityInterceptor.doFilter(FilterSecurityInterceptor.java:90)
	at org.springframework.security.web.FilterChainProxy$VirtualFilterChain.doFilter(FilterChainProxy.java:334)
	at org.springframework.security.web.access.ExceptionTranslationFilter.doFilter(ExceptionTranslationFilter.java:118)
	at org.springframework.security.web.FilterChainProxy$VirtualFilterChain.doFilter(FilterChainProxy.java:334)
	at org.springframework.security.web.session.SessionManagementFilter.doFilter(SessionManagementFilter.java:137)
	at org.springframework.security.web.FilterChainProxy$VirtualFilterChain.doFilter(FilterChainProxy.java:334)
	at org.springframework.security.web.authentication.AnonymousAuthenticationFilter.doFilter(AnonymousAuthenticationFilter.java:111)
	at org.springframework.security.web.FilterChainProxy$VirtualFilterChain.doFilter(FilterChainProxy.java:334)
	at org.springframework.security.web.servletapi.SecurityContextHolderAwareRequestFilter.doFilter(SecurityContextHolderAwareRequestFilter.java:158)
	at org.springframework.security.web.FilterChainProxy$VirtualFilterChain.doFilter(FilterChainProxy.java:334)
	at org.springframework.security.web.savedrequest.RequestCacheAwareFilter.doFilter(RequestCacheAwareFilter.java:63)
	at org.springframework.security.web.FilterChainProxy$VirtualFilterChain.doFilter(FilterChainProxy.java:334)
	at com.lcomputerstudy.example.config.AuthTokenFilter.doFilterInternal(AuthTokenFilter.java:58)
	at org.springframework.web.filter.OncePerRequestFilter.doFilter(OncePerRequestFilter.java:119)
	at org.springframework.security.web.FilterChainProxy$VirtualFilterChain.doFilter(FilterChainProxy.java:334)
	at org.springframework.security.web.authentication.logout.LogoutFilter.doFilter(LogoutFilter.java:116)
	at org.springframework.security.web.FilterChainProxy$VirtualFilterChain.doFilter(FilterChainProxy.java:334)
	at org.springframework.web.filter.CorsFilter.doFilterInternal(CorsFilter.java:92)
	at org.springframework.web.filter.OncePerRequestFilter.doFilter(OncePerRequestFilter.java:119)
	at org.springframework.security.web.FilterChainProxy$VirtualFilterChain.doFilter(FilterChainProxy.java:334)
	at org.springframework.security.web.header.HeaderWriterFilter.doHeadersAfter(HeaderWriterFilter.java:92)
	at org.springframework.security.web.header.HeaderWriterFilter.doFilterInternal(HeaderWriterFilter.java:77)
	at org.springframework.web.filter.OncePerRequestFilter.doFilter(OncePerRequestFilter.java:119)
	at org.springframework.security.web.FilterChainProxy$VirtualFilterChain.doFilter(FilterChainProxy.java:334)
	at org.springframework.security.web.context.SecurityContextPersistenceFilter.doFilter(SecurityContextPersistenceFilter.java:105)
	at org.springframework.security.web.FilterChainProxy$VirtualFilterChain.doFilter(FilterChainProxy.java:334)
	at org.springframework.security.web.context.request.async.WebAsyncManagerIntegrationFilter.doFilterInternal(WebAsyncManagerIntegrationFilter.java:56)
	at org.springframework.web.filter.OncePerRequestFilter.doFilter(OncePerRequestFilter.java:119)
	at org.springframework.security.web.FilterChainProxy$VirtualFilterChain.doFilter(FilterChainProxy.java:334)
	at org.springframework.security.web.FilterChainProxy.doFilterInternal(FilterChainProxy.java:215)
	at org.springframework.security.web.FilterChainProxy.doFilter(FilterChainProxy.java:178)
	at org.springframework.web.filter.DelegatingFilterProxy.invokeDelegate(DelegatingFilterProxy.java:358)
	at org.springframework.web.filter.DelegatingFilterProxy.doFilter(DelegatingFilterProxy.java:271)
	at org.apache.catalina.core.ApplicationFilterChain.internalDoFilter(ApplicationFilterChain.java:193)
	at org.apache.catalina.core.ApplicationFilterChain.doFilter(ApplicationFilterChain.java:166)
	at org.springframework.web.filter.CharacterEncodingFilter.doFilterInternal(CharacterEncodingFilter.java:201)
	at org.springframework.web.filter.OncePerRequestFilter.doFilter(OncePerRequestFilter.java:119)
	at org.apache.catalina.core.ApplicationFilterChain.internalDoFilter(ApplicationFilterChain.java:193)
	at org.apache.catalina.core.ApplicationFilterChain.doFilter(ApplicationFilterChain.java:166)
	at org.apache.catalina.core.StandardWrapperValve.invoke(StandardWrapperValve.java:202)
	at org.apache.catalina.core.StandardContextValve.invoke(StandardContextValve.java:96)
	at org.apache.catalina.authenticator.AuthenticatorBase.invoke(AuthenticatorBase.java:541)
	at org.apache.catalina.core.StandardHostValve.invoke(StandardHostValve.java:139)
	at org.apache.catalina.valves.ErrorReportValve.invoke(ErrorReportValve.java:92)
	at org.apache.catalina.core.StandardEngineValve.invoke(StandardEngineValve.java:74)
	at org.apache.catalina.connector.CoyoteAdapter.service(CoyoteAdapter.java:343)
	at org.apache.coyote.http11.Http11Processor.service(Http11Processor.java:373)
	at org.apache.coyote.AbstractProcessorLight.process(AbstractProcessorLight.java:65)
	at org.apache.coyote.AbstractProtocol$ConnectionHandler.process(AbstractProtocol.java:868)
	at org.apache.tomcat.util.net.NioEndpoint$SocketProcessor.doRun(NioEndpoint.java:1589)
	at org.apache.tomcat.util.net.SocketProcessorBase.run(SocketProcessorBase.java:49)
	at java.base/java.util.concurrent.ThreadPoolExecutor.runWorker(ThreadPoolExecutor.java:1130)
	at java.base/java.util.concurrent.ThreadPoolExecutor$Worker.run(ThreadPoolExecutor.java:630)
	at org.apache.tomcat.util.threads.TaskThread$WrappingRunnable.run(TaskThread.java:61)
	at java.base/java.lang.Thread.run(Thread.java:832)
14:28:28.097 ERROR --- [http-nio-9000-exec-7] c.l.example.config.JwtUtils : JWT token is expired: JWT expired at 2021-06-23T14:14:34Z. Current time: 2021-06-23T14:28:28Z, a difference of 834097 milliseconds.  Allowed clock skew: 0 milliseconds. 
14:28:28.098 ERROR --- [http-nio-9000-exec-7] o.a.c.c.C.[.[.[.[dispatcherServlet] : Servlet.service() for servlet [dispatcherServlet] in context with path [] threw exception [Request processing failed; nested exception is io.jsonwebtoken.ExpiredJwtException: JWT expired at 2021-06-23T14:14:34Z. Current time: 2021-06-23T14:28:28Z, a difference of 834098 milliseconds.  Allowed clock skew: 0 milliseconds.] with root cause 
io.jsonwebtoken.ExpiredJwtException: JWT expired at 2021-06-23T14:14:34Z. Current time: 2021-06-23T14:28:28Z, a difference of 834098 milliseconds.  Allowed clock skew: 0 milliseconds.
	at io.jsonwebtoken.impl.DefaultJwtParser.parse(DefaultJwtParser.java:385)
	at io.jsonwebtoken.impl.DefaultJwtParser.parse(DefaultJwtParser.java:481)
	at io.jsonwebtoken.impl.DefaultJwtParser.parseClaimsJws(DefaultJwtParser.java:541)
	at com.lcomputerstudy.example.config.JwtUtils.getClaimsFormToken(JwtUtils.java:52)
	at com.lcomputerstudy.example.config.JwtUtils.getUserEmailFromToken(JwtUtils.java:56)
	at com.lcomputerstudy.example.controller.AuthController.unpackToken(AuthController.java:118)
	at java.base/jdk.internal.reflect.NativeMethodAccessorImpl.invoke0(Native Method)
	at java.base/jdk.internal.reflect.NativeMethodAccessorImpl.invoke(NativeMethodAccessorImpl.java:64)
	at java.base/jdk.internal.reflect.DelegatingMethodAccessorImpl.invoke(DelegatingMethodAccessorImpl.java:43)
	at java.base/java.lang.reflect.Method.invoke(Method.java:564)
	at org.springframework.web.method.support.InvocableHandlerMethod.doInvoke(InvocableHandlerMethod.java:190)
	at org.springframework.web.method.support.InvocableHandlerMethod.invokeForRequest(InvocableHandlerMethod.java:138)
	at org.springframework.web.servlet.mvc.method.annotation.ServletInvocableHandlerMethod.invokeAndHandle(ServletInvocableHandlerMethod.java:105)
	at org.springframework.web.servlet.mvc.method.annotation.RequestMappingHandlerAdapter.invokeHandlerMethod(RequestMappingHandlerAdapter.java:878)
	at org.springframework.web.servlet.mvc.method.annotation.RequestMappingHandlerAdapter.handleInternal(RequestMappingHandlerAdapter.java:792)
	at org.springframework.web.servlet.mvc.method.AbstractHandlerMethodAdapter.handle(AbstractHandlerMethodAdapter.java:87)
	at org.springframework.web.servlet.DispatcherServlet.doDispatch(DispatcherServlet.java:1040)
	at org.springframework.web.servlet.DispatcherServlet.doService(DispatcherServlet.java:943)
	at org.springframework.web.servlet.FrameworkServlet.processRequest(FrameworkServlet.java:1006)
	at org.springframework.web.servlet.FrameworkServlet.doGet(FrameworkServlet.java:898)
	at javax.servlet.http.HttpServlet.service(HttpServlet.java:626)
	at org.springframework.web.servlet.FrameworkServlet.service(FrameworkServlet.java:883)
	at javax.servlet.http.HttpServlet.service(HttpServlet.java:733)
	at org.apache.catalina.core.ApplicationFilterChain.internalDoFilter(ApplicationFilterChain.java:231)
	at org.apache.catalina.core.ApplicationFilterChain.doFilter(ApplicationFilterChain.java:166)
	at org.apache.tomcat.websocket.server.WsFilter.doFilter(WsFilter.java:53)
	at org.apache.catalina.core.ApplicationFilterChain.internalDoFilter(ApplicationFilterChain.java:193)
	at org.apache.catalina.core.ApplicationFilterChain.doFilter(ApplicationFilterChain.java:166)
	at org.springframework.web.filter.OncePerRequestFilter.doFilter(OncePerRequestFilter.java:113)
	at org.apache.catalina.core.ApplicationFilterChain.internalDoFilter(ApplicationFilterChain.java:193)
	at org.apache.catalina.core.ApplicationFilterChain.doFilter(ApplicationFilterChain.java:166)
	at org.springframework.security.web.FilterChainProxy$VirtualFilterChain.doFilter(FilterChainProxy.java:320)
	at org.springframework.security.web.access.intercept.FilterSecurityInterceptor.invoke(FilterSecurityInterceptor.java:126)
	at org.springframework.security.web.access.intercept.FilterSecurityInterceptor.doFilter(FilterSecurityInterceptor.java:90)
	at org.springframework.security.web.FilterChainProxy$VirtualFilterChain.doFilter(FilterChainProxy.java:334)
	at org.springframework.security.web.access.ExceptionTranslationFilter.doFilter(ExceptionTranslationFilter.java:118)
	at org.springframework.security.web.FilterChainProxy$VirtualFilterChain.doFilter(FilterChainProxy.java:334)
	at org.springframework.security.web.session.SessionManagementFilter.doFilter(SessionManagementFilter.java:137)
	at org.springframework.security.web.FilterChainProxy$VirtualFilterChain.doFilter(FilterChainProxy.java:334)
	at org.springframework.security.web.authentication.AnonymousAuthenticationFilter.doFilter(AnonymousAuthenticationFilter.java:111)
	at org.springframework.security.web.FilterChainProxy$VirtualFilterChain.doFilter(FilterChainProxy.java:334)
	at org.springframework.security.web.servletapi.SecurityContextHolderAwareRequestFilter.doFilter(SecurityContextHolderAwareRequestFilter.java:158)
	at org.springframework.security.web.FilterChainProxy$VirtualFilterChain.doFilter(FilterChainProxy.java:334)
	at org.springframework.security.web.savedrequest.RequestCacheAwareFilter.doFilter(RequestCacheAwareFilter.java:63)
	at org.springframework.security.web.FilterChainProxy$VirtualFilterChain.doFilter(FilterChainProxy.java:334)
	at com.lcomputerstudy.example.config.AuthTokenFilter.doFilterInternal(AuthTokenFilter.java:58)
	at org.springframework.web.filter.OncePerRequestFilter.doFilter(OncePerRequestFilter.java:119)
	at org.springframework.security.web.FilterChainProxy$VirtualFilterChain.doFilter(FilterChainProxy.java:334)
	at org.springframework.security.web.authentication.logout.LogoutFilter.doFilter(LogoutFilter.java:116)
	at org.springframework.security.web.FilterChainProxy$VirtualFilterChain.doFilter(FilterChainProxy.java:334)
	at org.springframework.web.filter.CorsFilter.doFilterInternal(CorsFilter.java:92)
	at org.springframework.web.filter.OncePerRequestFilter.doFilter(OncePerRequestFilter.java:119)
	at org.springframework.security.web.FilterChainProxy$VirtualFilterChain.doFilter(FilterChainProxy.java:334)
	at org.springframework.security.web.header.HeaderWriterFilter.doHeadersAfter(HeaderWriterFilter.java:92)
	at org.springframework.security.web.header.HeaderWriterFilter.doFilterInternal(HeaderWriterFilter.java:77)
	at org.springframework.web.filter.OncePerRequestFilter.doFilter(OncePerRequestFilter.java:119)
	at org.springframework.security.web.FilterChainProxy$VirtualFilterChain.doFilter(FilterChainProxy.java:334)
	at org.springframework.security.web.context.SecurityContextPersistenceFilter.doFilter(SecurityContextPersistenceFilter.java:105)
	at org.springframework.security.web.FilterChainProxy$VirtualFilterChain.doFilter(FilterChainProxy.java:334)
	at org.springframework.security.web.context.request.async.WebAsyncManagerIntegrationFilter.doFilterInternal(WebAsyncManagerIntegrationFilter.java:56)
	at org.springframework.web.filter.OncePerRequestFilter.doFilter(OncePerRequestFilter.java:119)
	at org.springframework.security.web.FilterChainProxy$VirtualFilterChain.doFilter(FilterChainProxy.java:334)
	at org.springframework.security.web.FilterChainProxy.doFilterInternal(FilterChainProxy.java:215)
	at org.springframework.security.web.FilterChainProxy.doFilter(FilterChainProxy.java:178)
	at org.springframework.web.filter.DelegatingFilterProxy.invokeDelegate(DelegatingFilterProxy.java:358)
	at org.springframework.web.filter.DelegatingFilterProxy.doFilter(DelegatingFilterProxy.java:271)
	at org.apache.catalina.core.ApplicationFilterChain.internalDoFilter(ApplicationFilterChain.java:193)
	at org.apache.catalina.core.ApplicationFilterChain.doFilter(ApplicationFilterChain.java:166)
	at org.springframework.web.filter.CharacterEncodingFilter.doFilterInternal(CharacterEncodingFilter.java:201)
	at org.springframework.web.filter.OncePerRequestFilter.doFilter(OncePerRequestFilter.java:119)
	at org.apache.catalina.core.ApplicationFilterChain.internalDoFilter(ApplicationFilterChain.java:193)
	at org.apache.catalina.core.ApplicationFilterChain.doFilter(ApplicationFilterChain.java:166)
	at org.apache.catalina.core.StandardWrapperValve.invoke(StandardWrapperValve.java:202)
	at org.apache.catalina.core.StandardContextValve.invoke(StandardContextValve.java:96)
	at org.apache.catalina.authenticator.AuthenticatorBase.invoke(AuthenticatorBase.java:541)
	at org.apache.catalina.core.StandardHostValve.invoke(StandardHostValve.java:139)
	at org.apache.catalina.valves.ErrorReportValve.invoke(ErrorReportValve.java:92)
	at org.apache.catalina.core.StandardEngineValve.invoke(StandardEngineValve.java:74)
	at org.apache.catalina.connector.CoyoteAdapter.service(CoyoteAdapter.java:343)
	at org.apache.coyote.http11.Http11Processor.service(Http11Processor.java:373)
	at org.apache.coyote.AbstractProcessorLight.process(AbstractProcessorLight.java:65)
	at org.apache.coyote.AbstractProtocol$ConnectionHandler.process(AbstractProtocol.java:868)
	at org.apache.tomcat.util.net.NioEndpoint$SocketProcessor.doRun(NioEndpoint.java:1589)
	at org.apache.tomcat.util.net.SocketProcessorBase.run(SocketProcessorBase.java:49)
	at java.base/java.util.concurrent.ThreadPoolExecutor.runWorker(ThreadPoolExecutor.java:1130)
	at java.base/java.util.concurrent.ThreadPoolExecutor$Worker.run(ThreadPoolExecutor.java:630)
	at org.apache.tomcat.util.threads.TaskThread$WrappingRunnable.run(TaskThread.java:61)
	at java.base/java.lang.Thread.run(Thread.java:832)
14:28:34.865 ERROR --- [http-nio-9000-exec-9] c.l.example.config.JwtUtils : JWT token is expired: JWT expired at 2021-06-23T14:14:34Z. Current time: 2021-06-23T14:28:34Z, a difference of 840865 milliseconds.  Allowed clock skew: 0 milliseconds. 
14:28:34.866 INFO  --- [http-nio-9000-exec-9] c.l.e.controller.AuthController : testLoginRequest [username=user2, password=1234] 
14:28:34.867 DEBUG --- [http-nio-9000-exec-9] c.l.e.mapper.UserMapper.readUser : ==>  Preparing: SELECT u_id as username, u_password as password, u_name as name, u_phone as phone, u_isAccountNonExpired as isAccountNonExpired, u_isAccountNonLocked as isAccountNonLocked, u_isCredentialNonExpired as isCredentialsNonExpired, u_isEnabled as isEnabled FROM userlist WHERE 1=1 AND u_id = ? 
14:28:34.867 DEBUG --- [http-nio-9000-exec-9] c.l.e.mapper.UserMapper.readUser : ==> Parameters: user2(String) 
14:28:34.868 TRACE --- [http-nio-9000-exec-9] c.l.e.mapper.UserMapper.readUser : <==    Columns: username, password, name, phone, isAccountNonExpired, isAccountNonLocked, isCredentialsNonExpired, isEnabled 
14:28:34.868 TRACE --- [http-nio-9000-exec-9] c.l.e.mapper.UserMapper.readUser : <==        Row: user2, $2a$10$vOSxz9VARQVZuPESQjktLuE9vBfTOSINRLr3mjyS0tcRDICqsvXIS, 홍길동, 1234, 1, 1, 1, 1 
14:28:34.869 DEBUG --- [http-nio-9000-exec-9] c.l.e.mapper.UserMapper.readUser : <==      Total: 1 
14:28:34.869 DEBUG --- [http-nio-9000-exec-9] c.l.e.m.UserMapper.readAuthorities : ==>  Preparing: SELECT u_auth FROM userauth WHERE 1=1 AND u_id = ? 
14:28:34.870 DEBUG --- [http-nio-9000-exec-9] c.l.e.m.UserMapper.readAuthorities : ==> Parameters: user2(String) 
14:28:34.870 TRACE --- [http-nio-9000-exec-9] c.l.e.m.UserMapper.readAuthorities : <==    Columns: u_auth 
14:28:34.870 TRACE --- [http-nio-9000-exec-9] c.l.e.m.UserMapper.readAuthorities : <==        Row: ROLE_ADMIN 
14:28:34.871 DEBUG --- [http-nio-9000-exec-9] c.l.e.m.UserMapper.readAuthorities : <==      Total: 1 
14:28:34.947 INFO  --- [http-nio-9000-exec-9] c.l.e.controller.AuthController : ddddUser [username=user2, password=$2a$10$vOSxz9VARQVZuPESQjktLuE9vBfTOSINRLr3mjyS0tcRDICqsvXIS, name=홍길동, phone=1234, uDateTime=null, authorities=[ROLE_ADMIN], isAccountNonExpired=true, isAccountNonLocked=true, isCredentialsNonExpired=true, isEnabled=true] 
14:28:36.168 DEBUG --- [http-nio-9000-exec-10] c.l.e.mapper.UserMapper.readUser : ==>  Preparing: SELECT u_id as username, u_password as password, u_name as name, u_phone as phone, u_isAccountNonExpired as isAccountNonExpired, u_isAccountNonLocked as isAccountNonLocked, u_isCredentialNonExpired as isCredentialsNonExpired, u_isEnabled as isEnabled FROM userlist WHERE 1=1 AND u_id = ? 
14:28:36.168 DEBUG --- [http-nio-9000-exec-10] c.l.e.mapper.UserMapper.readUser : ==> Parameters: user2(String) 
14:28:36.168 TRACE --- [http-nio-9000-exec-10] c.l.e.mapper.UserMapper.readUser : <==    Columns: username, password, name, phone, isAccountNonExpired, isAccountNonLocked, isCredentialsNonExpired, isEnabled 
14:28:36.168 TRACE --- [http-nio-9000-exec-10] c.l.e.mapper.UserMapper.readUser : <==        Row: user2, $2a$10$vOSxz9VARQVZuPESQjktLuE9vBfTOSINRLr3mjyS0tcRDICqsvXIS, 홍길동, 1234, 1, 1, 1, 1 
14:28:36.168 DEBUG --- [http-nio-9000-exec-10] c.l.e.mapper.UserMapper.readUser : <==      Total: 1 
14:28:36.168 DEBUG --- [http-nio-9000-exec-10] c.l.e.m.UserMapper.readAuthorities : ==>  Preparing: SELECT u_auth FROM userauth WHERE 1=1 AND u_id = ? 
14:28:36.168 DEBUG --- [http-nio-9000-exec-10] c.l.e.m.UserMapper.readAuthorities : ==> Parameters: user2(String) 
14:28:36.169 TRACE --- [http-nio-9000-exec-10] c.l.e.m.UserMapper.readAuthorities : <==    Columns: u_auth 
14:28:36.169 TRACE --- [http-nio-9000-exec-10] c.l.e.m.UserMapper.readAuthorities : <==        Row: ROLE_ADMIN 
14:28:36.169 DEBUG --- [http-nio-9000-exec-10] c.l.e.m.UserMapper.readAuthorities : <==      Total: 1 
14:28:36.169 DEBUG --- [http-nio-9000-exec-10] c.l.e.m.UserMapper.read_user_list : ==>  Preparing: SELECT ta.u_id username, ta.u_name name, ta.u_phone phone, tb.u_auth auth FROM userlist ta LEFT join ( SELECT ta.u_id, GROUP_CONCAT(ta.u_auth SEPARATOR ",") u_auth FROM userauth ta GROUP BY ta.u_id ) tb ON ta.u_id = tb.u_id 
14:28:36.170 DEBUG --- [http-nio-9000-exec-10] c.l.e.m.UserMapper.read_user_list : ==> Parameters:  
14:28:36.184 TRACE --- [http-nio-9000-exec-10] c.l.e.m.UserMapper.read_user_list : <==    Columns: username, name, phone, auth 
14:28:36.184 TRACE --- [http-nio-9000-exec-10] c.l.e.m.UserMapper.read_user_list : <==        Row: user2, 홍길동, 1234, <<BLOB>> 
14:28:36.184 TRACE --- [http-nio-9000-exec-10] c.l.e.m.UserMapper.read_user_list : <==        Row: dfdf, 홍길동, 010-3242-5463, <<BLOB>> 
14:28:36.184 TRACE --- [http-nio-9000-exec-10] c.l.e.m.UserMapper.read_user_list : <==        Row: abcd, abcd, null, <<BLOB>> 
14:28:36.184 TRACE --- [http-nio-9000-exec-10] c.l.e.m.UserMapper.read_user_list : <==        Row: user, user, null, <<BLOB>> 
14:28:36.184 TRACE --- [http-nio-9000-exec-10] c.l.e.m.UserMapper.read_user_list : <==        Row: abcd, 홍길동, 010-1111-2222, <<BLOB>> 
14:28:36.184 TRACE --- [http-nio-9000-exec-10] c.l.e.m.UserMapper.read_user_list : <==        Row: lcomputer, lcomputer, 01012345678, <<BLOB>> 
14:28:36.185 TRACE --- [http-nio-9000-exec-10] c.l.e.m.UserMapper.read_user_list : <==        Row: lcomputer, lcomputer, 01012345678, <<BLOB>> 
14:28:36.185 TRACE --- [http-nio-9000-exec-10] c.l.e.m.UserMapper.read_user_list : <==        Row: lcomputer, lcomputer, 01012345678, <<BLOB>> 
14:28:36.185 TRACE --- [http-nio-9000-exec-10] c.l.e.m.UserMapper.read_user_list : <==        Row: lcomputer, lcomputer, 01012345678, <<BLOB>> 
14:28:36.185 TRACE --- [http-nio-9000-exec-10] c.l.e.m.UserMapper.read_user_list : <==        Row: lcomputer, lcomputer, 01012345678, <<BLOB>> 
14:28:36.185 TRACE --- [http-nio-9000-exec-10] c.l.e.m.UserMapper.read_user_list : <==        Row: user3, aaa, 1234, <<BLOB>> 
14:28:36.185 DEBUG --- [http-nio-9000-exec-10] c.l.e.m.UserMapper.read_user_list : <==      Total: 11 
14:28:36.185 INFO  --- [http-nio-9000-exec-10] c.l.e.controller.AdminController : [UserInfo [username=user2, password=null, name=홍길동, phone=1234, authorities=[ROLE_ADMIN], auth=null], UserInfo [username=dfdf, password=null, name=홍길동, phone=010-3242-5463, authorities=null, auth=null], UserInfo [username=abcd, password=null, name=abcd, phone=null, authorities=null, auth=null], UserInfo [username=user, password=null, name=user, phone=null, authorities=null, auth=null], UserInfo [username=abcd, password=null, name=홍길동, phone=010-1111-2222, authorities=null, auth=null], UserInfo [username=lcomputer, password=null, name=lcomputer, phone=01012345678, authorities=null, auth=null], UserInfo [username=lcomputer, password=null, name=lcomputer, phone=01012345678, authorities=null, auth=null], UserInfo [username=lcomputer, password=null, name=lcomputer, phone=01012345678, authorities=null, auth=null], UserInfo [username=lcomputer, password=null, name=lcomputer, phone=01012345678, authorities=null, auth=null], UserInfo [username=lcomputer, password=null, name=lcomputer, phone=01012345678, authorities=null, auth=null], UserInfo [username=user3, password=null, name=aaa, phone=1234, authorities=null, auth=null]] 
14:28:36.939 DEBUG --- [http-nio-9000-exec-1] c.l.e.mapper.UserMapper.readUser : ==>  Preparing: SELECT u_id as username, u_password as password, u_name as name, u_phone as phone, u_isAccountNonExpired as isAccountNonExpired, u_isAccountNonLocked as isAccountNonLocked, u_isCredentialNonExpired as isCredentialsNonExpired, u_isEnabled as isEnabled FROM userlist WHERE 1=1 AND u_id = ? 
14:28:36.940 DEBUG --- [http-nio-9000-exec-1] c.l.e.mapper.UserMapper.readUser : ==> Parameters: user2(String) 
14:28:36.940 TRACE --- [http-nio-9000-exec-1] c.l.e.mapper.UserMapper.readUser : <==    Columns: username, password, name, phone, isAccountNonExpired, isAccountNonLocked, isCredentialsNonExpired, isEnabled 
14:28:36.941 TRACE --- [http-nio-9000-exec-1] c.l.e.mapper.UserMapper.readUser : <==        Row: user2, $2a$10$vOSxz9VARQVZuPESQjktLuE9vBfTOSINRLr3mjyS0tcRDICqsvXIS, 홍길동, 1234, 1, 1, 1, 1 
14:28:36.941 DEBUG --- [http-nio-9000-exec-1] c.l.e.mapper.UserMapper.readUser : <==      Total: 1 
14:28:36.941 DEBUG --- [http-nio-9000-exec-1] c.l.e.m.UserMapper.readAuthorities : ==>  Preparing: SELECT u_auth FROM userauth WHERE 1=1 AND u_id = ? 
14:28:36.941 DEBUG --- [http-nio-9000-exec-1] c.l.e.m.UserMapper.readAuthorities : ==> Parameters: user2(String) 
14:28:36.942 TRACE --- [http-nio-9000-exec-1] c.l.e.m.UserMapper.readAuthorities : <==    Columns: u_auth 
14:28:36.942 TRACE --- [http-nio-9000-exec-1] c.l.e.m.UserMapper.readAuthorities : <==        Row: ROLE_ADMIN 
14:28:36.942 DEBUG --- [http-nio-9000-exec-1] c.l.e.m.UserMapper.readAuthorities : <==      Total: 1 
14:50:10.993 ERROR --- [http-nio-9000-exec-4] c.l.example.config.JwtUtils : JWT token is expired: JWT expired at 2021-06-23T14:42:58Z. Current time: 2021-06-23T14:50:10Z, a difference of 432993 milliseconds.  Allowed clock skew: 0 milliseconds. 
14:50:10.995 ERROR --- [http-nio-9000-exec-4] o.a.c.c.C.[.[.[.[dispatcherServlet] : Servlet.service() for servlet [dispatcherServlet] in context with path [] threw exception [Request processing failed; nested exception is io.jsonwebtoken.ExpiredJwtException: JWT expired at 2021-06-23T14:42:58Z. Current time: 2021-06-23T14:50:10Z, a difference of 432994 milliseconds.  Allowed clock skew: 0 milliseconds.] with root cause 
io.jsonwebtoken.ExpiredJwtException: JWT expired at 2021-06-23T14:42:58Z. Current time: 2021-06-23T14:50:10Z, a difference of 432994 milliseconds.  Allowed clock skew: 0 milliseconds.
	at io.jsonwebtoken.impl.DefaultJwtParser.parse(DefaultJwtParser.java:385)
	at io.jsonwebtoken.impl.DefaultJwtParser.parse(DefaultJwtParser.java:481)
	at io.jsonwebtoken.impl.DefaultJwtParser.parseClaimsJws(DefaultJwtParser.java:541)
	at com.lcomputerstudy.example.config.JwtUtils.getClaimsFormToken(JwtUtils.java:52)
	at com.lcomputerstudy.example.config.JwtUtils.getUserEmailFromToken(JwtUtils.java:56)
	at com.lcomputerstudy.example.controller.AuthController.unpackToken(AuthController.java:118)
	at java.base/jdk.internal.reflect.NativeMethodAccessorImpl.invoke0(Native Method)
	at java.base/jdk.internal.reflect.NativeMethodAccessorImpl.invoke(NativeMethodAccessorImpl.java:64)
	at java.base/jdk.internal.reflect.DelegatingMethodAccessorImpl.invoke(DelegatingMethodAccessorImpl.java:43)
	at java.base/java.lang.reflect.Method.invoke(Method.java:564)
	at org.springframework.web.method.support.InvocableHandlerMethod.doInvoke(InvocableHandlerMethod.java:190)
	at org.springframework.web.method.support.InvocableHandlerMethod.invokeForRequest(InvocableHandlerMethod.java:138)
	at org.springframework.web.servlet.mvc.method.annotation.ServletInvocableHandlerMethod.invokeAndHandle(ServletInvocableHandlerMethod.java:105)
	at org.springframework.web.servlet.mvc.method.annotation.RequestMappingHandlerAdapter.invokeHandlerMethod(RequestMappingHandlerAdapter.java:878)
	at org.springframework.web.servlet.mvc.method.annotation.RequestMappingHandlerAdapter.handleInternal(RequestMappingHandlerAdapter.java:792)
	at org.springframework.web.servlet.mvc.method.AbstractHandlerMethodAdapter.handle(AbstractHandlerMethodAdapter.java:87)
	at org.springframework.web.servlet.DispatcherServlet.doDispatch(DispatcherServlet.java:1040)
	at org.springframework.web.servlet.DispatcherServlet.doService(DispatcherServlet.java:943)
	at org.springframework.web.servlet.FrameworkServlet.processRequest(FrameworkServlet.java:1006)
	at org.springframework.web.servlet.FrameworkServlet.doGet(FrameworkServlet.java:898)
	at javax.servlet.http.HttpServlet.service(HttpServlet.java:626)
	at org.springframework.web.servlet.FrameworkServlet.service(FrameworkServlet.java:883)
	at javax.servlet.http.HttpServlet.service(HttpServlet.java:733)
	at org.apache.catalina.core.ApplicationFilterChain.internalDoFilter(ApplicationFilterChain.java:231)
	at org.apache.catalina.core.ApplicationFilterChain.doFilter(ApplicationFilterChain.java:166)
	at org.apache.tomcat.websocket.server.WsFilter.doFilter(WsFilter.java:53)
	at org.apache.catalina.core.ApplicationFilterChain.internalDoFilter(ApplicationFilterChain.java:193)
	at org.apache.catalina.core.ApplicationFilterChain.doFilter(ApplicationFilterChain.java:166)
	at org.springframework.web.filter.OncePerRequestFilter.doFilter(OncePerRequestFilter.java:113)
	at org.apache.catalina.core.ApplicationFilterChain.internalDoFilter(ApplicationFilterChain.java:193)
	at org.apache.catalina.core.ApplicationFilterChain.doFilter(ApplicationFilterChain.java:166)
	at org.springframework.security.web.FilterChainProxy$VirtualFilterChain.doFilter(FilterChainProxy.java:320)
	at org.springframework.security.web.access.intercept.FilterSecurityInterceptor.invoke(FilterSecurityInterceptor.java:126)
	at org.springframework.security.web.access.intercept.FilterSecurityInterceptor.doFilter(FilterSecurityInterceptor.java:90)
	at org.springframework.security.web.FilterChainProxy$VirtualFilterChain.doFilter(FilterChainProxy.java:334)
	at org.springframework.security.web.access.ExceptionTranslationFilter.doFilter(ExceptionTranslationFilter.java:118)
	at org.springframework.security.web.FilterChainProxy$VirtualFilterChain.doFilter(FilterChainProxy.java:334)
	at org.springframework.security.web.session.SessionManagementFilter.doFilter(SessionManagementFilter.java:137)
	at org.springframework.security.web.FilterChainProxy$VirtualFilterChain.doFilter(FilterChainProxy.java:334)
	at org.springframework.security.web.authentication.AnonymousAuthenticationFilter.doFilter(AnonymousAuthenticationFilter.java:111)
	at org.springframework.security.web.FilterChainProxy$VirtualFilterChain.doFilter(FilterChainProxy.java:334)
	at org.springframework.security.web.servletapi.SecurityContextHolderAwareRequestFilter.doFilter(SecurityContextHolderAwareRequestFilter.java:158)
	at org.springframework.security.web.FilterChainProxy$VirtualFilterChain.doFilter(FilterChainProxy.java:334)
	at org.springframework.security.web.savedrequest.RequestCacheAwareFilter.doFilter(RequestCacheAwareFilter.java:63)
	at org.springframework.security.web.FilterChainProxy$VirtualFilterChain.doFilter(FilterChainProxy.java:334)
	at com.lcomputerstudy.example.config.AuthTokenFilter.doFilterInternal(AuthTokenFilter.java:58)
	at org.springframework.web.filter.OncePerRequestFilter.doFilter(OncePerRequestFilter.java:119)
	at org.springframework.security.web.FilterChainProxy$VirtualFilterChain.doFilter(FilterChainProxy.java:334)
	at org.springframework.security.web.authentication.logout.LogoutFilter.doFilter(LogoutFilter.java:116)
	at org.springframework.security.web.FilterChainProxy$VirtualFilterChain.doFilter(FilterChainProxy.java:334)
	at org.springframework.web.filter.CorsFilter.doFilterInternal(CorsFilter.java:92)
	at org.springframework.web.filter.OncePerRequestFilter.doFilter(OncePerRequestFilter.java:119)
	at org.springframework.security.web.FilterChainProxy$VirtualFilterChain.doFilter(FilterChainProxy.java:334)
	at org.springframework.security.web.header.HeaderWriterFilter.doHeadersAfter(HeaderWriterFilter.java:92)
	at org.springframework.security.web.header.HeaderWriterFilter.doFilterInternal(HeaderWriterFilter.java:77)
	at org.springframework.web.filter.OncePerRequestFilter.doFilter(OncePerRequestFilter.java:119)
	at org.springframework.security.web.FilterChainProxy$VirtualFilterChain.doFilter(FilterChainProxy.java:334)
	at org.springframework.security.web.context.SecurityContextPersistenceFilter.doFilter(SecurityContextPersistenceFilter.java:105)
	at org.springframework.security.web.FilterChainProxy$VirtualFilterChain.doFilter(FilterChainProxy.java:334)
	at org.springframework.security.web.context.request.async.WebAsyncManagerIntegrationFilter.doFilterInternal(WebAsyncManagerIntegrationFilter.java:56)
	at org.springframework.web.filter.OncePerRequestFilter.doFilter(OncePerRequestFilter.java:119)
	at org.springframework.security.web.FilterChainProxy$VirtualFilterChain.doFilter(FilterChainProxy.java:334)
	at org.springframework.security.web.FilterChainProxy.doFilterInternal(FilterChainProxy.java:215)
	at org.springframework.security.web.FilterChainProxy.doFilter(FilterChainProxy.java:178)
	at org.springframework.web.filter.DelegatingFilterProxy.invokeDelegate(DelegatingFilterProxy.java:358)
	at org.springframework.web.filter.DelegatingFilterProxy.doFilter(DelegatingFilterProxy.java:271)
	at org.apache.catalina.core.ApplicationFilterChain.internalDoFilter(ApplicationFilterChain.java:193)
	at org.apache.catalina.core.ApplicationFilterChain.doFilter(ApplicationFilterChain.java:166)
	at org.springframework.web.filter.CharacterEncodingFilter.doFilterInternal(CharacterEncodingFilter.java:201)
	at org.springframework.web.filter.OncePerRequestFilter.doFilter(OncePerRequestFilter.java:119)
	at org.apache.catalina.core.ApplicationFilterChain.internalDoFilter(ApplicationFilterChain.java:193)
	at org.apache.catalina.core.ApplicationFilterChain.doFilter(ApplicationFilterChain.java:166)
	at org.apache.catalina.core.StandardWrapperValve.invoke(StandardWrapperValve.java:202)
	at org.apache.catalina.core.StandardContextValve.invoke(StandardContextValve.java:96)
	at org.apache.catalina.authenticator.AuthenticatorBase.invoke(AuthenticatorBase.java:541)
	at org.apache.catalina.core.StandardHostValve.invoke(StandardHostValve.java:139)
	at org.apache.catalina.valves.ErrorReportValve.invoke(ErrorReportValve.java:92)
	at org.apache.catalina.core.StandardEngineValve.invoke(StandardEngineValve.java:74)
	at org.apache.catalina.connector.CoyoteAdapter.service(CoyoteAdapter.java:343)
	at org.apache.coyote.http11.Http11Processor.service(Http11Processor.java:373)
	at org.apache.coyote.AbstractProcessorLight.process(AbstractProcessorLight.java:65)
	at org.apache.coyote.AbstractProtocol$ConnectionHandler.process(AbstractProtocol.java:868)
	at org.apache.tomcat.util.net.NioEndpoint$SocketProcessor.doRun(NioEndpoint.java:1589)
	at org.apache.tomcat.util.net.SocketProcessorBase.run(SocketProcessorBase.java:49)
	at java.base/java.util.concurrent.ThreadPoolExecutor.runWorker(ThreadPoolExecutor.java:1130)
	at java.base/java.util.concurrent.ThreadPoolExecutor$Worker.run(ThreadPoolExecutor.java:630)
	at org.apache.tomcat.util.threads.TaskThread$WrappingRunnable.run(TaskThread.java:61)
	at java.base/java.lang.Thread.run(Thread.java:832)
14:50:14.669 ERROR --- [http-nio-9000-exec-5] c.l.example.config.JwtUtils : JWT token is expired: JWT expired at 2021-06-23T14:42:58Z. Current time: 2021-06-23T14:50:14Z, a difference of 436669 milliseconds.  Allowed clock skew: 0 milliseconds. 
14:50:14.670 INFO  --- [http-nio-9000-exec-5] c.l.e.controller.AuthController : testLoginRequest [username=user2, password=1234] 
14:50:14.671 DEBUG --- [http-nio-9000-exec-5] c.l.e.mapper.UserMapper.readUser : ==>  Preparing: SELECT u_id as username, u_password as password, u_name as name, u_phone as phone, u_isAccountNonExpired as isAccountNonExpired, u_isAccountNonLocked as isAccountNonLocked, u_isCredentialNonExpired as isCredentialsNonExpired, u_isEnabled as isEnabled FROM userlist WHERE 1=1 AND u_id = ? 
14:50:14.671 DEBUG --- [http-nio-9000-exec-5] c.l.e.mapper.UserMapper.readUser : ==> Parameters: user2(String) 
14:50:14.672 TRACE --- [http-nio-9000-exec-5] c.l.e.mapper.UserMapper.readUser : <==    Columns: username, password, name, phone, isAccountNonExpired, isAccountNonLocked, isCredentialsNonExpired, isEnabled 
14:50:14.672 TRACE --- [http-nio-9000-exec-5] c.l.e.mapper.UserMapper.readUser : <==        Row: user2, $2a$10$vOSxz9VARQVZuPESQjktLuE9vBfTOSINRLr3mjyS0tcRDICqsvXIS, 홍길동, 1234, 1, 1, 1, 1 
14:50:14.672 DEBUG --- [http-nio-9000-exec-5] c.l.e.mapper.UserMapper.readUser : <==      Total: 1 
14:50:14.672 DEBUG --- [http-nio-9000-exec-5] c.l.e.m.UserMapper.readAuthorities : ==>  Preparing: SELECT u_auth FROM userauth WHERE 1=1 AND u_id = ? 
14:50:14.673 DEBUG --- [http-nio-9000-exec-5] c.l.e.m.UserMapper.readAuthorities : ==> Parameters: user2(String) 
14:50:14.674 TRACE --- [http-nio-9000-exec-5] c.l.e.m.UserMapper.readAuthorities : <==    Columns: u_auth 
14:50:14.674 TRACE --- [http-nio-9000-exec-5] c.l.e.m.UserMapper.readAuthorities : <==        Row: ROLE_ADMIN 
14:50:14.674 DEBUG --- [http-nio-9000-exec-5] c.l.e.m.UserMapper.readAuthorities : <==      Total: 1 
14:50:14.756 INFO  --- [http-nio-9000-exec-5] c.l.e.controller.AuthController : ddddUser [username=user2, password=$2a$10$vOSxz9VARQVZuPESQjktLuE9vBfTOSINRLr3mjyS0tcRDICqsvXIS, name=홍길동, phone=1234, uDateTime=null, authorities=[ROLE_ADMIN], isAccountNonExpired=true, isAccountNonLocked=true, isCredentialsNonExpired=true, isEnabled=true] 
